<?xml version="1.0" encoding="UTF-8"?>
<testsuite name="Test Google search functionality" tests="1" skipped="0" failures="0" errors="0" timestamp="2021-09-13T02:02:29" hostname="DESKTOP-USEE3KR" time="2.586">
  <properties/>
  <testcase name="As a user I enter a search criteria" classname="Test Google search functionality" time="2.586"/>
  <system-out><![CDATA[]]></system-out>
  <system-err><![CDATA[Starting ChromeDriver 93.0.4577.63 (ff5c0da2ec0adeaed5550e6c7e98417dac77d98a-refs/branch-heads/4577@{#1135}) on port 14128
Only local connections are allowed.
Please see https://chromedriver.chromium.org/security-considerations for suggestions on keeping ChromeDriver safe.
ChromeDriver was started successfully.
sep. 12, 2021 9:02:31 P. M. org.openqa.selenium.remote.ProtocolHandshake createSession
INFO: Detected dialect: W3C
]]></system-err>
</testsuite>
